  win32_plataform.cpp
C:\Users\Pedro\Documents\Projects\game-project\game-project\win32_plataform.cpp(4,1): warning C4091: 'static ': ignorado à esquerda de 'int' quando nenhuma variável é declarada
C:\Users\Pedro\Documents\Projects\game-project\game-project\win32_plataform.cpp(14,1): warning C4091: 'static ': ignorado à esquerda de 'int' quando nenhuma variável é declarada
C:\Users\Pedro\Documents\Projects\game-project\game-project\renderer.cpp(1,1): warning C4091: 'static ': ignorado à esquerda de 'int' quando nenhuma variável é declarada
  (compilando o arquivo fonte 'win32_plataform.cpp')
  
C:\Users\Pedro\Documents\Projects\game-project\game-project\renderer.cpp(11,1): warning C4091: 'static ': ignorado à esquerda de 'int' quando nenhuma variável é declarada
  (compilando o arquivo fonte 'win32_plataform.cpp')
  
C:\Users\Pedro\Documents\Projects\game-project\game-project\renderer.cpp(27,1): warning C4091: 'static ': ignorado à esquerda de 'int' quando nenhuma variável é declarada
  (compilando o arquivo fonte 'win32_plataform.cpp')
  
C:\Users\Pedro\Documents\Projects\game-project\game-project\renderer.cpp(29,1): warning C4091: 'static ': ignorado à esquerda de 'int' quando nenhuma variável é declarada
  (compilando o arquivo fonte 'win32_plataform.cpp')
  
C:\Users\Pedro\Documents\Projects\game-project\game-project\renderer.cpp(40,9): warning C4244: 'inicializando': conversão de 'float' para 'int', possível perda de dados
  (compilando o arquivo fonte 'win32_plataform.cpp')
  
C:\Users\Pedro\Documents\Projects\game-project\game-project\renderer.cpp(41,9): warning C4244: 'inicializando': conversão de 'float' para 'int', possível perda de dados
  (compilando o arquivo fonte 'win32_plataform.cpp')
  
C:\Users\Pedro\Documents\Projects\game-project\game-project\renderer.cpp(42,9): warning C4244: 'inicializando': conversão de 'float' para 'int', possível perda de dados
  (compilando o arquivo fonte 'win32_plataform.cpp')
  
C:\Users\Pedro\Documents\Projects\game-project\game-project\renderer.cpp(43,9): warning C4244: 'inicializando': conversão de 'float' para 'int', possível perda de dados
  (compilando o arquivo fonte 'win32_plataform.cpp')
  
C:\Users\Pedro\Documents\Projects\game-project\game-project\game.cpp(8,1): warning C4091: 'static ': ignorado à esquerda de 'int' quando nenhuma variável é declarada
  (compilando o arquivo fonte 'win32_plataform.cpp')
  
  game-project.vcxproj -> C:\Users\Pedro\Documents\Projects\game-project\x64\Debug\game-project.exe
